0 verbose cli D:\My\nodejs\node.exe D:\My\nodejs\node_global\node_modules\npm\bin\npm-cli.js
1 info using npm@11.4.2
2 info using node@v22.17.0
3 silly config load:file:D:\My\nodejs\node_global\node_modules\npm\npmrc
4 silly config load:file:D:\Merkle Tree\Go\GOitem\src\7788\frontend\.npmrc
5 silly config load:file:C:\Users\Lenovo\.npmrc
6 silly config load:file:D:\My\nodejs\node_global\etc\npmrc
7 verbose title npm install
8 verbose argv "install"
9 verbose logfile logs-max:10 dir:D:\Merkle Tree\Go\GOitem\src\7788\frontend\.npm-cache\_logs\2025-09-23T06_29_20_052Z-
10 verbose logfile D:\Merkle Tree\Go\GOitem\src\7788\frontend\.npm-cache\_logs\2025-09-23T06_29_20_052Z-debug-0.log
11 silly logfile done cleaning log files
12 silly packumentCache heap:4345298944 maxSize:1086324736 maxEntrySize:543162368
13 silly idealTree buildDeps
14 silly reify moves {}
15 silly audit bulk request {
15 silly audit   '@babel/helper-string-parser': [ '7.27.1' ],
15 silly audit   '@babel/helper-validator-identifier': [ '7.27.1' ],
15 silly audit   '@babel/parser': [ '7.28.4' ],
15 silly audit   '@babel/types': [ '7.28.4' ],
15 silly audit   '@element-plus/icons-vue': [ '2.3.2' ],
15 silly audit   '@esbuild/android-arm': [ '0.18.20' ],
15 silly audit   '@esbuild/android-arm64': [ '0.18.20' ],
15 silly audit   '@esbuild/android-x64': [ '0.18.20' ],
15 silly audit   '@esbuild/darwin-arm64': [ '0.18.20' ],
15 silly audit   '@esbuild/darwin-x64': [ '0.18.20' ],
15 silly audit   '@esbuild/freebsd-arm64': [ '0.18.20' ],
15 silly audit   '@esbuild/freebsd-x64': [ '0.18.20' ],
15 silly audit   '@esbuild/linux-arm': [ '0.18.20' ],
15 silly audit   '@esbuild/linux-arm64': [ '0.18.20' ],
15 silly audit   '@esbuild/linux-ia32': [ '0.18.20' ],
15 silly audit   '@esbuild/linux-loong64': [ '0.18.20' ],
15 silly audit   '@esbuild/linux-mips64el': [ '0.18.20' ],
15 silly audit   '@esbuild/linux-ppc64': [ '0.18.20' ],
15 silly audit   '@esbuild/linux-riscv64': [ '0.18.20' ],
15 silly audit   '@esbuild/linux-s390x': [ '0.18.20' ],
15 silly audit   '@esbuild/linux-x64': [ '0.18.20' ],
15 silly audit   '@esbuild/netbsd-x64': [ '0.18.20' ],
15 silly audit   '@esbuild/openbsd-x64': [ '0.18.20' ],
15 silly audit   '@esbuild/sunos-x64': [ '0.18.20' ],
15 silly audit   '@esbuild/win32-arm64': [ '0.18.20' ],
15 silly audit   '@esbuild/win32-ia32': [ '0.18.20' ],
15 silly audit   '@esbuild/win32-x64': [ '0.18.20' ],
15 silly audit   '@jridgewell/sourcemap-codec': [ '1.5.5' ],
15 silly audit   '@parcel/watcher': [ '2.5.1' ],
15 silly audit   '@parcel/watcher-android-arm64': [ '2.5.1' ],
15 silly audit   '@parcel/watcher-darwin-arm64': [ '2.5.1' ],
15 silly audit   '@parcel/watcher-darwin-x64': [ '2.5.1' ],
15 silly audit   '@parcel/watcher-freebsd-x64': [ '2.5.1' ],
15 silly audit   '@parcel/watcher-linux-arm-glibc': [ '2.5.1' ],
15 silly audit   '@parcel/watcher-linux-arm-musl': [ '2.5.1' ],
15 silly audit   '@parcel/watcher-linux-arm64-glibc': [ '2.5.1' ],
15 silly audit   '@parcel/watcher-linux-arm64-musl': [ '2.5.1' ],
15 silly audit   '@parcel/watcher-linux-x64-glibc': [ '2.5.1' ],
15 silly audit   '@parcel/watcher-linux-x64-musl': [ '2.5.1' ],
15 silly audit   '@parcel/watcher-win32-arm64': [ '2.5.1' ],
15 silly audit   '@parcel/watcher-win32-ia32': [ '2.5.1' ],
15 silly audit   '@parcel/watcher-win32-x64': [ '2.5.1' ],
15 silly audit   '@vitejs/plugin-vue': [ '4.6.2' ],
15 silly audit   '@vue/compiler-core': [ '3.5.21' ],
15 silly audit   '@vue/compiler-dom': [ '3.5.21' ],
15 silly audit   '@vue/compiler-sfc': [ '3.5.21' ],
15 silly audit   '@vue/compiler-ssr': [ '3.5.21' ],
15 silly audit   '@vue/devtools-api': [ '6.6.4' ],
15 silly audit   '@vue/reactivity': [ '3.5.21' ],
15 silly audit   '@vue/runtime-core': [ '3.5.21' ],
15 silly audit   '@vue/runtime-dom': [ '3.5.21' ],
15 silly audit   '@vue/server-renderer': [ '3.5.21' ],
15 silly audit   '@vue/shared': [ '3.5.21' ],
15 silly audit   asynckit: [ '0.4.0' ],
15 silly audit   autoprefixer: [ '10.4.21' ],
15 silly audit   axios: [ '1.12.2' ],
15 silly audit   'baseline-browser-mapping': [ '2.8.6' ],
15 silly audit   braces: [ '3.0.3' ],
15 silly audit   browserslist: [ '4.26.2' ],
15 silly audit   'call-bind-apply-helpers': [ '1.0.2' ],
15 silly audit   'caniuse-lite': [ '1.0.30001743' ],
15 silly audit   chokidar: [ '4.0.3' ],
15 silly audit   'combined-stream': [ '1.0.8' ],
15 silly audit   csstype: [ '3.1.3' ],
15 silly audit   'delayed-stream': [ '1.0.0' ],
15 silly audit   'detect-libc': [ '1.0.3' ],
15 silly audit   'dunder-proto': [ '1.0.1' ],
15 silly audit   'electron-to-chromium': [ '1.5.222' ],
15 silly audit   entities: [ '4.5.0' ],
15 silly audit   'es-define-property': [ '1.0.1' ],
15 silly audit   'es-errors': [ '1.3.0' ],
15 silly audit   'es-object-atoms': [ '1.1.1' ],
15 silly audit   'es-set-tostringtag': [ '2.1.0' ],
15 silly audit   esbuild: [ '0.18.20' ],
15 silly audit   escalade: [ '3.2.0' ],
15 silly audit   'estree-walker': [ '2.0.2' ],
15 silly audit   'fill-range': [ '7.1.1' ],
15 silly audit   'follow-redirects': [ '1.15.11' ],
15 silly audit   'form-data': [ '4.0.4' ],
15 silly audit   'fraction.js': [ '4.3.7' ],
15 silly audit   fsevents: [ '2.3.3' ],
15 silly audit   'function-bind': [ '1.1.2' ],
15 silly audit   'get-intrinsic': [ '1.3.0' ],
15 silly audit   'get-proto': [ '1.0.1' ],
15 silly audit   gopd: [ '1.2.0' ],
15 silly audit   'has-symbols': [ '1.1.0' ],
15 silly audit   'has-tostringtag': [ '1.0.2' ],
15 silly audit   hasown: [ '2.0.2' ],
15 silly audit   immutable: [ '5.1.3' ],
15 silly audit   'is-extglob': [ '2.1.1' ],
15 silly audit   'is-glob': [ '4.0.3' ],
15 silly audit   'is-number': [ '7.0.0' ],
15 silly audit   'magic-string': [ '0.30.19' ],
15 silly audit   'math-intrinsics': [ '1.1.0' ],
15 silly audit   micromatch: [ '4.0.8' ],
15 silly audit   'mime-db': [ '1.52.0' ],
15 silly audit   'mime-types': [ '2.1.35' ],
15 silly audit   nanoid: [ '3.3.11' ],
15 silly audit   'node-addon-api': [ '7.1.1' ],
15 silly audit   'node-releases': [ '2.0.21' ],
15 silly audit   'normalize-range': [ '0.1.2' ],
15 silly audit   picocolors: [ '1.1.1' ],
15 silly audit   picomatch: [ '2.3.1' ],
15 silly audit   pinia: [ '2.3.1' ],
15 silly audit   postcss: [ '8.5.6' ],
15 silly audit   'postcss-value-parser': [ '4.2.0' ],
15 silly audit   'proxy-from-env': [ '1.1.0' ],
15 silly audit   readdirp: [ '4.1.2' ],
15 silly audit   rollup: [ '3.29.5' ],
15 silly audit   sass: [ '1.93.1' ],
15 silly audit   'source-map-js': [ '1.2.1' ],
15 silly audit   three: [ '0.156.1' ],
15 silly audit   'to-regex-range': [ '5.0.1' ],
15 silly audit   'update-browserslist-db': [ '1.1.3' ],
15 silly audit   vite: [ '4.5.14' ],
15 silly audit   vue: [ '3.5.21' ],
15 silly audit   'vue-demi': [ '0.14.10' ],
15 silly audit   'vue-router': [ '4.5.1' ]
15 silly audit }
16 http fetch POST 404 https://registry.npmmirror.com/-/npm/v1/security/advisories/bulk 127ms
17 verbose audit error HttpErrorGeneral: 404 Not Found - POST https://registry.npmmirror.com/-/npm/v1/security/advisories/bulk - [NOT_IMPLEMENTED] /-/npm/v1/security/* not implemented yet
17 verbose audit error     at D:\My\nodejs\node_global\node_modules\npm\node_modules\npm-registry-fetch\lib\check-response.js:103:15
17 verbose audit error     at process.processTicksAndRejections (node:internal/process/task_queues:105:5)
17 verbose audit error     at async [getReport] (D:\My\nodejs\node_global\node_modules\npm\node_modules\@npmcli\arborist\lib\audit-report.js:294:19)
17 verbose audit error     at async AuditReport.run (D:\My\nodejs\node_global\node_modules\npm\node_modules\@npmcli\arborist\lib\audit-report.js:106:19)
17 verbose audit error     at async Arborist.reify (D:\My\nodejs\node_global\node_modules\npm\node_modules\@npmcli\arborist\lib\arborist\reify.js:280:24)
17 verbose audit error     at async Install.exec (D:\My\nodejs\node_global\node_modules\npm\lib\commands\install.js:149:5)
17 verbose audit error     at async Npm.exec (D:\My\nodejs\node_global\node_modules\npm\lib\npm.js:208:9)
17 verbose audit error     at async module.exports (D:\My\nodejs\node_global\node_modules\npm\lib\cli\entry.js:67:5) {
17 verbose audit error   headers: [Object: null prototype] {
17 verbose audit error     server: [ 'Tengine' ],
17 verbose audit error     date: [ 'Tue, 23 Sep 2025 06:29:20 GMT' ],
17 verbose audit error     'content-type': [ 'application/json' ],
17 verbose audit error     'transfer-encoding': [ 'chunked' ],
17 verbose audit error     connection: [ 'keep-alive' ],
17 verbose audit error     'strict-transport-security': [ 'max-age=5184000' ],
17 verbose audit error     via: [ 'cache15.cn4686[,404666]' ],
17 verbose audit error     'timing-allow-origin': [ '*' ],
17 verbose audit error     eagleid: [ '71d7f5a317586089607512478e' ],
17 verbose audit error     'x-fetch-attempts': [ '1' ]
17 verbose audit error   },
17 verbose audit error   statusCode: 404,
17 verbose audit error   code: 'E404',
17 verbose audit error   method: 'POST',
17 verbose audit error   uri: 'https://registry.npmmirror.com/-/npm/v1/security/advisories/bulk',
17 verbose audit error   body: {
17 verbose audit error     error: '[NOT_IMPLEMENTED] /-/npm/v1/security/* not implemented yet'
17 verbose audit error   },
17 verbose audit error   pkgid: undefined
17 verbose audit error }
18 silly audit error [object Object]
19 silly audit report null
20 verbose cwd D:\Merkle Tree\Go\GOitem\src\7788\frontend
21 verbose os Windows_NT 10.0.22631
22 verbose node v22.17.0
23 verbose npm  v11.4.2
24 verbose exit 0
25 info ok
