0 verbose cli D:\My\nodejs\node.exe D:\My\nodejs\node_global\node_modules\npm\bin\npm-cli.js
1 info using npm@11.4.2
2 info using node@v22.17.0
3 silly config load:file:D:\My\nodejs\node_global\node_modules\npm\npmrc
4 silly config load:file:D:\Merkle Tree\Go\GOitem\src\7788\frontend\.npmrc
5 silly config load:file:C:\Users\Lenovo\.npmrc
6 silly config load:file:D:\My\nodejs\node_global\etc\npmrc
7 verbose title npm install
8 verbose argv "install"
9 verbose logfile logs-max:10 dir:D:\Merkle Tree\Go\GOitem\src\7788\frontend\.npm-cache\_logs\2025-09-23T06_40_13_388Z-
10 verbose logfile D:\Merkle Tree\Go\GOitem\src\7788\frontend\.npm-cache\_logs\2025-09-23T06_40_13_388Z-debug-0.log
11 silly logfile done cleaning log files
12 silly packumentCache heap:4345298944 maxSize:1086324736 maxEntrySize:543162368
13 silly idealTree buildDeps
14 verbose shrinkwrap failed to load node_modules/.package-lock.json out of date, updated: node_modules
15 silly reify moves {}
16 silly audit bulk request {
16 silly audit   '@babel/helper-string-parser': [ '7.27.1' ],
16 silly audit   '@babel/helper-validator-identifier': [ '7.27.1' ],
16 silly audit   '@babel/parser': [ '7.28.4' ],
16 silly audit   '@babel/types': [ '7.28.4' ],
16 silly audit   '@element-plus/icons-vue': [ '2.3.2' ],
16 silly audit   '@esbuild/android-arm': [ '0.18.20' ],
16 silly audit   '@esbuild/android-arm64': [ '0.18.20' ],
16 silly audit   '@esbuild/android-x64': [ '0.18.20' ],
16 silly audit   '@esbuild/darwin-arm64': [ '0.18.20' ],
16 silly audit   '@esbuild/darwin-x64': [ '0.18.20' ],
16 silly audit   '@esbuild/freebsd-arm64': [ '0.18.20' ],
16 silly audit   '@esbuild/freebsd-x64': [ '0.18.20' ],
16 silly audit   '@esbuild/linux-arm': [ '0.18.20' ],
16 silly audit   '@esbuild/linux-arm64': [ '0.18.20' ],
16 silly audit   '@esbuild/linux-ia32': [ '0.18.20' ],
16 silly audit   '@esbuild/linux-loong64': [ '0.18.20' ],
16 silly audit   '@esbuild/linux-mips64el': [ '0.18.20' ],
16 silly audit   '@esbuild/linux-ppc64': [ '0.18.20' ],
16 silly audit   '@esbuild/linux-riscv64': [ '0.18.20' ],
16 silly audit   '@esbuild/linux-s390x': [ '0.18.20' ],
16 silly audit   '@esbuild/linux-x64': [ '0.18.20' ],
16 silly audit   '@esbuild/netbsd-x64': [ '0.18.20' ],
16 silly audit   '@esbuild/openbsd-x64': [ '0.18.20' ],
16 silly audit   '@esbuild/sunos-x64': [ '0.18.20' ],
16 silly audit   '@esbuild/win32-arm64': [ '0.18.20' ],
16 silly audit   '@esbuild/win32-ia32': [ '0.18.20' ],
16 silly audit   '@esbuild/win32-x64': [ '0.18.20' ],
16 silly audit   '@jridgewell/sourcemap-codec': [ '1.5.5' ],
16 silly audit   '@parcel/watcher': [ '2.5.1' ],
16 silly audit   '@parcel/watcher-android-arm64': [ '2.5.1' ],
16 silly audit   '@parcel/watcher-darwin-arm64': [ '2.5.1' ],
16 silly audit   '@parcel/watcher-darwin-x64': [ '2.5.1' ],
16 silly audit   '@parcel/watcher-freebsd-x64': [ '2.5.1' ],
16 silly audit   '@parcel/watcher-linux-arm-glibc': [ '2.5.1' ],
16 silly audit   '@parcel/watcher-linux-arm-musl': [ '2.5.1' ],
16 silly audit   '@parcel/watcher-linux-arm64-glibc': [ '2.5.1' ],
16 silly audit   '@parcel/watcher-linux-arm64-musl': [ '2.5.1' ],
16 silly audit   '@parcel/watcher-linux-x64-glibc': [ '2.5.1' ],
16 silly audit   '@parcel/watcher-linux-x64-musl': [ '2.5.1' ],
16 silly audit   '@parcel/watcher-win32-arm64': [ '2.5.1' ],
16 silly audit   '@parcel/watcher-win32-ia32': [ '2.5.1' ],
16 silly audit   '@parcel/watcher-win32-x64': [ '2.5.1' ],
16 silly audit   '@vitejs/plugin-vue': [ '4.6.2' ],
16 silly audit   '@vue/compiler-core': [ '3.5.21' ],
16 silly audit   '@vue/compiler-dom': [ '3.5.21' ],
16 silly audit   '@vue/compiler-sfc': [ '3.5.21' ],
16 silly audit   '@vue/compiler-ssr': [ '3.5.21' ],
16 silly audit   '@vue/devtools-api': [ '6.6.4' ],
16 silly audit   '@vue/reactivity': [ '3.5.21' ],
16 silly audit   '@vue/runtime-core': [ '3.5.21' ],
16 silly audit   '@vue/runtime-dom': [ '3.5.21' ],
16 silly audit   '@vue/server-renderer': [ '3.5.21' ],
16 silly audit   '@vue/shared': [ '3.5.21' ],
16 silly audit   asynckit: [ '0.4.0' ],
16 silly audit   autoprefixer: [ '10.4.21' ],
16 silly audit   axios: [ '1.12.2' ],
16 silly audit   'baseline-browser-mapping': [ '2.8.6' ],
16 silly audit   braces: [ '3.0.3' ],
16 silly audit   browserslist: [ '4.26.2' ],
16 silly audit   'call-bind-apply-helpers': [ '1.0.2' ],
16 silly audit   'caniuse-lite': [ '1.0.30001743' ],
16 silly audit   chokidar: [ '4.0.3' ],
16 silly audit   'combined-stream': [ '1.0.8' ],
16 silly audit   csstype: [ '3.1.3' ],
16 silly audit   'delayed-stream': [ '1.0.0' ],
16 silly audit   'detect-libc': [ '1.0.3' ],
16 silly audit   'dunder-proto': [ '1.0.1' ],
16 silly audit   'electron-to-chromium': [ '1.5.222' ],
16 silly audit   entities: [ '4.5.0' ],
16 silly audit   'es-define-property': [ '1.0.1' ],
16 silly audit   'es-errors': [ '1.3.0' ],
16 silly audit   'es-object-atoms': [ '1.1.1' ],
16 silly audit   'es-set-tostringtag': [ '2.1.0' ],
16 silly audit   esbuild: [ '0.18.20' ],
16 silly audit   escalade: [ '3.2.0' ],
16 silly audit   'estree-walker': [ '2.0.2' ],
16 silly audit   'fill-range': [ '7.1.1' ],
16 silly audit   'follow-redirects': [ '1.15.11' ],
16 silly audit   'form-data': [ '4.0.4' ],
16 silly audit   'fraction.js': [ '4.3.7' ],
16 silly audit   fsevents: [ '2.3.3' ],
16 silly audit   'function-bind': [ '1.1.2' ],
16 silly audit   'get-intrinsic': [ '1.3.0' ],
16 silly audit   'get-proto': [ '1.0.1' ],
16 silly audit   gopd: [ '1.2.0' ],
16 silly audit   'has-symbols': [ '1.1.0' ],
16 silly audit   'has-tostringtag': [ '1.0.2' ],
16 silly audit   hasown: [ '2.0.2' ],
16 silly audit   immutable: [ '5.1.3' ],
16 silly audit   'is-extglob': [ '2.1.1' ],
16 silly audit   'is-glob': [ '4.0.3' ],
16 silly audit   'is-number': [ '7.0.0' ],
16 silly audit   'magic-string': [ '0.30.19' ],
16 silly audit   'math-intrinsics': [ '1.1.0' ],
16 silly audit   micromatch: [ '4.0.8' ],
16 silly audit   'mime-db': [ '1.52.0' ],
16 silly audit   'mime-types': [ '2.1.35' ],
16 silly audit   nanoid: [ '3.3.11' ],
16 silly audit   'node-addon-api': [ '7.1.1' ],
16 silly audit   'node-releases': [ '2.0.21' ],
16 silly audit   'normalize-range': [ '0.1.2' ],
16 silly audit   picocolors: [ '1.1.1' ],
16 silly audit   picomatch: [ '2.3.1' ],
16 silly audit   pinia: [ '2.3.1' ],
16 silly audit   postcss: [ '8.5.6' ],
16 silly audit   'postcss-value-parser': [ '4.2.0' ],
16 silly audit   'proxy-from-env': [ '1.1.0' ],
16 silly audit   readdirp: [ '4.1.2' ],
16 silly audit   rollup: [ '3.29.5' ],
16 silly audit   sass: [ '1.93.1' ],
16 silly audit   'source-map-js': [ '1.2.1' ],
16 silly audit   three: [ '0.156.1' ],
16 silly audit   'to-regex-range': [ '5.0.1' ],
16 silly audit   'update-browserslist-db': [ '1.1.3' ],
16 silly audit   vite: [ '4.5.14' ],
16 silly audit   vue: [ '3.5.21' ],
16 silly audit   'vue-demi': [ '0.14.10' ],
16 silly audit   'vue-router': [ '4.5.1' ]
16 silly audit }
17 verbose reify failed optional dependency D:\Merkle Tree\Go\GOitem\src\7788\frontend\node_modules\fsevents
18 silly reify mark deleted [
18 silly reify   'D:\\Merkle Tree\\Go\\GOitem\\src\\7788\\frontend\\node_modules\\fsevents'
18 silly reify ]
19 verbose reify failed optional dependency D:\Merkle Tree\Go\GOitem\src\7788\frontend\node_modules\@parcel\watcher-win32-ia32
20 silly reify mark deleted [
20 silly reify   'D:\\Merkle Tree\\Go\\GOitem\\src\\7788\\frontend\\node_modules\\@parcel\\watcher-win32-ia32'
20 silly reify ]
21 verbose reify failed optional dependency D:\Merkle Tree\Go\GOitem\src\7788\frontend\node_modules\@parcel\watcher-win32-arm64
22 silly reify mark deleted [
22 silly reify   'D:\\Merkle Tree\\Go\\GOitem\\src\\7788\\frontend\\node_modules\\@parcel\\watcher-win32-arm64'
22 silly reify ]
23 verbose reify failed optional dependency D:\Merkle Tree\Go\GOitem\src\7788\frontend\node_modules\@parcel\watcher-linux-x64-musl
24 silly reify mark deleted [
24 silly reify   'D:\\Merkle Tree\\Go\\GOitem\\src\\7788\\frontend\\node_modules\\@parcel\\watcher-linux-x64-musl'
24 silly reify ]
25 verbose reify failed optional dependency D:\Merkle Tree\Go\GOitem\src\7788\frontend\node_modules\@parcel\watcher-linux-x64-glibc
26 silly reify mark deleted [
26 silly reify   'D:\\Merkle Tree\\Go\\GOitem\\src\\7788\\frontend\\node_modules\\@parcel\\watcher-linux-x64-glibc'
26 silly reify ]
27 verbose reify failed optional dependency D:\Merkle Tree\Go\GOitem\src\7788\frontend\node_modules\@parcel\watcher-linux-arm64-musl
28 silly reify mark deleted [
28 silly reify   'D:\\Merkle Tree\\Go\\GOitem\\src\\7788\\frontend\\node_modules\\@parcel\\watcher-linux-arm64-musl'
28 silly reify ]
29 verbose reify failed optional dependency D:\Merkle Tree\Go\GOitem\src\7788\frontend\node_modules\@parcel\watcher-linux-arm64-glibc
30 silly reify mark deleted [
30 silly reify   'D:\\Merkle Tree\\Go\\GOitem\\src\\7788\\frontend\\node_modules\\@parcel\\watcher-linux-arm64-glibc'
30 silly reify ]
31 verbose reify failed optional dependency D:\Merkle Tree\Go\GOitem\src\7788\frontend\node_modules\@parcel\watcher-linux-arm-musl
32 silly reify mark deleted [
32 silly reify   'D:\\Merkle Tree\\Go\\GOitem\\src\\7788\\frontend\\node_modules\\@parcel\\watcher-linux-arm-musl'
32 silly reify ]
33 verbose reify failed optional dependency D:\Merkle Tree\Go\GOitem\src\7788\frontend\node_modules\@parcel\watcher-linux-arm-glibc
34 silly reify mark deleted [
34 silly reify   'D:\\Merkle Tree\\Go\\GOitem\\src\\7788\\frontend\\node_modules\\@parcel\\watcher-linux-arm-glibc'
34 silly reify ]
35 verbose reify failed optional dependency D:\Merkle Tree\Go\GOitem\src\7788\frontend\node_modules\@parcel\watcher-freebsd-x64
36 silly reify mark deleted [
36 silly reify   'D:\\Merkle Tree\\Go\\GOitem\\src\\7788\\frontend\\node_modules\\@parcel\\watcher-freebsd-x64'
36 silly reify ]
37 verbose reify failed optional dependency D:\Merkle Tree\Go\GOitem\src\7788\frontend\node_modules\@parcel\watcher-darwin-x64
38 silly reify mark deleted [
38 silly reify   'D:\\Merkle Tree\\Go\\GOitem\\src\\7788\\frontend\\node_modules\\@parcel\\watcher-darwin-x64'
38 silly reify ]
39 verbose reify failed optional dependency D:\Merkle Tree\Go\GOitem\src\7788\frontend\node_modules\@parcel\watcher-darwin-arm64
40 silly reify mark deleted [
40 silly reify   'D:\\Merkle Tree\\Go\\GOitem\\src\\7788\\frontend\\node_modules\\@parcel\\watcher-darwin-arm64'
40 silly reify ]
41 verbose reify failed optional dependency D:\Merkle Tree\Go\GOitem\src\7788\frontend\node_modules\@parcel\watcher-android-arm64
42 silly reify mark deleted [
42 silly reify   'D:\\Merkle Tree\\Go\\GOitem\\src\\7788\\frontend\\node_modules\\@parcel\\watcher-android-arm64'
42 silly reify ]
43 verbose reify failed optional dependency D:\Merkle Tree\Go\GOitem\src\7788\frontend\node_modules\@esbuild\win32-ia32
44 silly reify mark deleted [
44 silly reify   'D:\\Merkle Tree\\Go\\GOitem\\src\\7788\\frontend\\node_modules\\@esbuild\\win32-ia32'
44 silly reify ]
45 verbose reify failed optional dependency D:\Merkle Tree\Go\GOitem\src\7788\frontend\node_modules\@esbuild\win32-arm64
46 silly reify mark deleted [
46 silly reify   'D:\\Merkle Tree\\Go\\GOitem\\src\\7788\\frontend\\node_modules\\@esbuild\\win32-arm64'
46 silly reify ]
47 verbose reify failed optional dependency D:\Merkle Tree\Go\GOitem\src\7788\frontend\node_modules\@esbuild\sunos-x64
48 silly reify mark deleted [
48 silly reify   'D:\\Merkle Tree\\Go\\GOitem\\src\\7788\\frontend\\node_modules\\@esbuild\\sunos-x64'
48 silly reify ]
49 verbose reify failed optional dependency D:\Merkle Tree\Go\GOitem\src\7788\frontend\node_modules\@esbuild\openbsd-x64
50 silly reify mark deleted [
50 silly reify   'D:\\Merkle Tree\\Go\\GOitem\\src\\7788\\frontend\\node_modules\\@esbuild\\openbsd-x64'
50 silly reify ]
51 verbose reify failed optional dependency D:\Merkle Tree\Go\GOitem\src\7788\frontend\node_modules\@esbuild\netbsd-x64
52 silly reify mark deleted [
52 silly reify   'D:\\Merkle Tree\\Go\\GOitem\\src\\7788\\frontend\\node_modules\\@esbuild\\netbsd-x64'
52 silly reify ]
53 verbose reify failed optional dependency D:\Merkle Tree\Go\GOitem\src\7788\frontend\node_modules\@esbuild\linux-x64
54 silly reify mark deleted [
54 silly reify   'D:\\Merkle Tree\\Go\\GOitem\\src\\7788\\frontend\\node_modules\\@esbuild\\linux-x64'
54 silly reify ]
55 verbose reify failed optional dependency D:\Merkle Tree\Go\GOitem\src\7788\frontend\node_modules\@esbuild\linux-s390x
56 silly reify mark deleted [
56 silly reify   'D:\\Merkle Tree\\Go\\GOitem\\src\\7788\\frontend\\node_modules\\@esbuild\\linux-s390x'
56 silly reify ]
57 verbose reify failed optional dependency D:\Merkle Tree\Go\GOitem\src\7788\frontend\node_modules\@esbuild\linux-riscv64
58 silly reify mark deleted [
58 silly reify   'D:\\Merkle Tree\\Go\\GOitem\\src\\7788\\frontend\\node_modules\\@esbuild\\linux-riscv64'
58 silly reify ]
59 verbose reify failed optional dependency D:\Merkle Tree\Go\GOitem\src\7788\frontend\node_modules\@esbuild\linux-ppc64
60 silly reify mark deleted [
60 silly reify   'D:\\Merkle Tree\\Go\\GOitem\\src\\7788\\frontend\\node_modules\\@esbuild\\linux-ppc64'
60 silly reify ]
61 verbose reify failed optional dependency D:\Merkle Tree\Go\GOitem\src\7788\frontend\node_modules\@esbuild\linux-mips64el
62 silly reify mark deleted [
62 silly reify   'D:\\Merkle Tree\\Go\\GOitem\\src\\7788\\frontend\\node_modules\\@esbuild\\linux-mips64el'
62 silly reify ]
63 verbose reify failed optional dependency D:\Merkle Tree\Go\GOitem\src\7788\frontend\node_modules\@esbuild\linux-loong64
64 silly reify mark deleted [
64 silly reify   'D:\\Merkle Tree\\Go\\GOitem\\src\\7788\\frontend\\node_modules\\@esbuild\\linux-loong64'
64 silly reify ]
65 verbose reify failed optional dependency D:\Merkle Tree\Go\GOitem\src\7788\frontend\node_modules\@esbuild\linux-ia32
66 silly reify mark deleted [
66 silly reify   'D:\\Merkle Tree\\Go\\GOitem\\src\\7788\\frontend\\node_modules\\@esbuild\\linux-ia32'
66 silly reify ]
67 verbose reify failed optional dependency D:\Merkle Tree\Go\GOitem\src\7788\frontend\node_modules\@esbuild\linux-arm64
68 silly reify mark deleted [
68 silly reify   'D:\\Merkle Tree\\Go\\GOitem\\src\\7788\\frontend\\node_modules\\@esbuild\\linux-arm64'
68 silly reify ]
69 verbose reify failed optional dependency D:\Merkle Tree\Go\GOitem\src\7788\frontend\node_modules\@esbuild\linux-arm
70 silly reify mark deleted [
70 silly reify   'D:\\Merkle Tree\\Go\\GOitem\\src\\7788\\frontend\\node_modules\\@esbuild\\linux-arm'
70 silly reify ]
71 verbose reify failed optional dependency D:\Merkle Tree\Go\GOitem\src\7788\frontend\node_modules\@esbuild\freebsd-x64
72 silly reify mark deleted [
72 silly reify   'D:\\Merkle Tree\\Go\\GOitem\\src\\7788\\frontend\\node_modules\\@esbuild\\freebsd-x64'
72 silly reify ]
73 verbose reify failed optional dependency D:\Merkle Tree\Go\GOitem\src\7788\frontend\node_modules\@esbuild\freebsd-arm64
74 silly reify mark deleted [
74 silly reify   'D:\\Merkle Tree\\Go\\GOitem\\src\\7788\\frontend\\node_modules\\@esbuild\\freebsd-arm64'
74 silly reify ]
75 verbose reify failed optional dependency D:\Merkle Tree\Go\GOitem\src\7788\frontend\node_modules\@esbuild\darwin-x64
76 silly reify mark deleted [
76 silly reify   'D:\\Merkle Tree\\Go\\GOitem\\src\\7788\\frontend\\node_modules\\@esbuild\\darwin-x64'
76 silly reify ]
77 verbose reify failed optional dependency D:\Merkle Tree\Go\GOitem\src\7788\frontend\node_modules\@esbuild\darwin-arm64
78 silly reify mark deleted [
78 silly reify   'D:\\Merkle Tree\\Go\\GOitem\\src\\7788\\frontend\\node_modules\\@esbuild\\darwin-arm64'
78 silly reify ]
79 verbose reify failed optional dependency D:\Merkle Tree\Go\GOitem\src\7788\frontend\node_modules\@esbuild\android-x64
80 silly reify mark deleted [
80 silly reify   'D:\\Merkle Tree\\Go\\GOitem\\src\\7788\\frontend\\node_modules\\@esbuild\\android-x64'
80 silly reify ]
81 verbose reify failed optional dependency D:\Merkle Tree\Go\GOitem\src\7788\frontend\node_modules\@esbuild\android-arm64
82 silly reify mark deleted [
82 silly reify   'D:\\Merkle Tree\\Go\\GOitem\\src\\7788\\frontend\\node_modules\\@esbuild\\android-arm64'
82 silly reify ]
83 verbose reify failed optional dependency D:\Merkle Tree\Go\GOitem\src\7788\frontend\node_modules\@esbuild\android-arm
84 silly reify mark deleted [
84 silly reify   'D:\\Merkle Tree\\Go\\GOitem\\src\\7788\\frontend\\node_modules\\@esbuild\\android-arm'
84 silly reify ]
85 http fetch POST 404 https://registry.npmmirror.com/-/npm/v1/security/advisories/bulk 121ms
86 verbose audit error HttpErrorGeneral: 404 Not Found - POST https://registry.npmmirror.com/-/npm/v1/security/advisories/bulk - [NOT_IMPLEMENTED] /-/npm/v1/security/* not implemented yet
86 verbose audit error     at D:\My\nodejs\node_global\node_modules\npm\node_modules\npm-registry-fetch\lib\check-response.js:103:15
86 verbose audit error     at process.processTicksAndRejections (node:internal/process/task_queues:105:5)
86 verbose audit error     at async [getReport] (D:\My\nodejs\node_global\node_modules\npm\node_modules\@npmcli\arborist\lib\audit-report.js:294:19)
86 verbose audit error     at async AuditReport.run (D:\My\nodejs\node_global\node_modules\npm\node_modules\@npmcli\arborist\lib\audit-report.js:106:19)
86 verbose audit error     at async Arborist.reify (D:\My\nodejs\node_global\node_modules\npm\node_modules\@npmcli\arborist\lib\arborist\reify.js:280:24)
86 verbose audit error     at async Install.exec (D:\My\nodejs\node_global\node_modules\npm\lib\commands\install.js:149:5)
86 verbose audit error     at async Npm.exec (D:\My\nodejs\node_global\node_modules\npm\lib\npm.js:208:9)
86 verbose audit error     at async module.exports (D:\My\nodejs\node_global\node_modules\npm\lib\cli\entry.js:67:5) {
86 verbose audit error   headers: [Object: null prototype] {
86 verbose audit error     server: [ 'Tengine' ],
86 verbose audit error     date: [ 'Tue, 23 Sep 2025 06:40:14 GMT' ],
86 verbose audit error     'content-type': [ 'application/json' ],
86 verbose audit error     'transfer-encoding': [ 'chunked' ],
86 verbose audit error     connection: [ 'keep-alive' ],
86 verbose audit error     'strict-transport-security': [ 'max-age=5184000' ],
86 verbose audit error     via: [ 'cache26.cn4686[,404666]' ],
86 verbose audit error     'timing-allow-origin': [ '*' ],
86 verbose audit error     eagleid: [ '71d7f5ae17586096142027475e' ],
86 verbose audit error     'x-fetch-attempts': [ '1' ]
86 verbose audit error   },
86 verbose audit error   statusCode: 404,
86 verbose audit error   code: 'E404',
86 verbose audit error   method: 'POST',
86 verbose audit error   uri: 'https://registry.npmmirror.com/-/npm/v1/security/advisories/bulk',
86 verbose audit error   body: {
86 verbose audit error     error: '[NOT_IMPLEMENTED] /-/npm/v1/security/* not implemented yet'
86 verbose audit error   },
86 verbose audit error   pkgid: undefined
86 verbose audit error }
87 silly audit error [object Object]
88 silly audit report null
89 silly ADD node_modules/fsevents
90 silly ADD node_modules/@parcel/watcher-win32-ia32
91 silly ADD node_modules/@parcel/watcher-win32-arm64
92 silly ADD node_modules/@parcel/watcher-linux-x64-musl
93 silly ADD node_modules/@parcel/watcher-linux-x64-glibc
94 silly ADD node_modules/@parcel/watcher-linux-arm64-musl
95 silly ADD node_modules/@parcel/watcher-linux-arm64-glibc
96 silly ADD node_modules/@parcel/watcher-linux-arm-musl
97 silly ADD node_modules/@parcel/watcher-linux-arm-glibc
98 silly ADD node_modules/@parcel/watcher-freebsd-x64
99 silly ADD node_modules/@parcel/watcher-darwin-x64
100 silly ADD node_modules/@parcel/watcher-darwin-arm64
101 silly ADD node_modules/@parcel/watcher-android-arm64
102 silly ADD node_modules/@esbuild/win32-ia32
103 silly ADD node_modules/@esbuild/win32-arm64
104 silly ADD node_modules/@esbuild/sunos-x64
105 silly ADD node_modules/@esbuild/openbsd-x64
106 silly ADD node_modules/@esbuild/netbsd-x64
107 silly ADD node_modules/@esbuild/linux-x64
108 silly ADD node_modules/@esbuild/linux-s390x
109 silly ADD node_modules/@esbuild/linux-riscv64
110 silly ADD node_modules/@esbuild/linux-ppc64
111 silly ADD node_modules/@esbuild/linux-mips64el
112 silly ADD node_modules/@esbuild/linux-loong64
113 silly ADD node_modules/@esbuild/linux-ia32
114 silly ADD node_modules/@esbuild/linux-arm64
115 silly ADD node_modules/@esbuild/linux-arm
116 silly ADD node_modules/@esbuild/freebsd-x64
117 silly ADD node_modules/@esbuild/freebsd-arm64
118 silly ADD node_modules/@esbuild/darwin-x64
119 silly ADD node_modules/@esbuild/darwin-arm64
120 silly ADD node_modules/@esbuild/android-x64
121 silly ADD node_modules/@esbuild/android-arm64
122 silly ADD node_modules/@esbuild/android-arm
123 verbose cwd D:\Merkle Tree\Go\GOitem\src\7788\frontend
124 verbose os Windows_NT 10.0.22631
125 verbose node v22.17.0
126 verbose npm  v11.4.2
127 verbose exit 0
128 info ok
